Logging configured. STDOUT --> /home/danieldh/ScipionUserData/projects/dcoid_1a28/Runs/005557_ProtSchrodingerDesmondSysPrep/logs/run.stdout , STDERR --> /home/danieldh/ScipionUserData/projects/dcoid_1a28/Runs/005557_ProtSchrodingerDesmondSysPrep/logs/run.stderr
[32mRUNNING PROTOCOL -----------------[0m
Protocol starts
Hostname: euclides
PID: 45011
pyworkflow: 3.1.0
plugin: schrodingerScipion
plugin binary v: 
currentDir: /home/danieldh/ScipionUserData/projects/dcoid_1a28
workingDir: Runs/005557_ProtSchrodingerDesmondSysPrep
runMode: Continue
          MPI: 1
      threads: 1
 Starting at step: 1
 Running steps 
[35mSTARTED[0m: solutePreparationStep, step 1, time 2023-05-03 16:21:35.776246
** Running command: **
[32m /home/danieldh/scipion3/software/em/Schrodinger2021-3/ligprep  -R h -a -isd /home/danieldh/ScipionUserData/projects/dcoid_1a28/Runs/005557_ProtSchrodingerDesmondSysPrep/tmp/active_1a28-2_1.sdf -omae /home/danieldh/ScipionUserData/projects/dcoid_1a28/Runs/005557_ProtSchrodingerDesmondSysPrep/extra/active_1a28-2_1_tmp.maegz[0m
JobId: euclides-0-64526df5
** Running command: **
[32m /home/danieldh/scipion3/software/em/Schrodinger2021-3/utilities/maesubset  -n 1 /home/danieldh/ScipionUserData/projects/dcoid_1a28/Runs/005557_ProtSchrodingerDesmondSysPrep/extra/active_1a28-2_1_tmp.maegz -o /home/danieldh/ScipionUserData/projects/dcoid_1a28/Runs/005557_ProtSchrodingerDesmondSysPrep/extra/active_1a28-2_1.maegz[0m
** Running command: **
[32m /home/danieldh/scipion3/software/em/Schrodinger2021-3/utilities/prepwizard -WAIT -noprotassign -noimpref -noepik /home/danieldh/ScipionUserData/projects/dcoid_1a28/Runs/005557_ProtSchrodingerDesmondSysPrep/extra/1a28.pdb /home/danieldh/ScipionUserData/projects/dcoid_1a28/Runs/005557_ProtSchrodingerDesmondSysPrep/extra/1a28.maegz[0m
JobId: euclides-0-64526dfe
** Running command: **
[32m zcat /home/danieldh/ScipionUserData/projects/dcoid_1a28/Runs/005557_ProtSchrodingerDesmondSysPrep/extra/active_1a28-2_1.maegz /home/danieldh/ScipionUserData/projects/dcoid_1a28/Runs/005557_ProtSchrodingerDesmondSysPrep/extra/1a28.maegz > Runs/005557_ProtSchrodingerDesmondSysPrep/extra/complexSolute.mae[0m
[35mFINISHED[0m: solutePreparationStep, step 1, time 2023-05-03 16:22:04.888086
[35mSTARTED[0m: systemPreparationStep, step 2, time 2023-05-03 16:22:04.898340
** Running command: **
[32m /home/danieldh/scipion3/software/em/Schrodinger2021-3/utilities/multisim  -m complexSolute.msj /home/danieldh/ScipionUserData/projects/dcoid_1a28/Runs/005557_ProtSchrodingerDesmondSysPrep/extra/complexSolute.mae -WAIT -o complexSolute_6918603-out.cms -JOBNAME complexSolute_6918603[0m
WARNING: You did not specify for '-maxjob'. Remember its default value is 1.
JobId: euclides-0-64526e0f
[35mFINISHED[0m: systemPreparationStep, step 2, time 2023-05-03 16:23:10.077802
*** Last status is finished 
Cleaning temp folder....
[32m------------------- PROTOCOL FINISHED[0m
