Logging configured. STDOUT --> /home/danieldh/ScipionUserData/projects/4erf_demo/Runs/002190_ProtocolConsensusDocking/logs/run.stdout , STDERR --> /home/danieldh/ScipionUserData/projects/4erf_demo/Runs/002190_ProtocolConsensusDocking/logs/run.stderr
[32mRUNNING PROTOCOL -----------------[0m
Protocol starts
Hostname: euclides
PID: 73700
pyworkflow: 3.1.0
plugin: pwchem
plugin binary v: 
currentDir: /home/danieldh/ScipionUserData/projects/4erf_demo
workingDir: Runs/002190_ProtocolConsensusDocking
runMode: Restart
          MPI: 1
      threads: 4
 Starting at step: 1
 Running steps 
[35mSTARTED[0m: consensusStep, step 1, time 2023-04-25 16:13:23.183416
[35mFINISHED[0m: consensusStep, step 1, time 2023-04-25 16:13:24.349023
[35mSTARTED[0m: createOutputStep, step 2, time 2023-04-25 16:13:24.809845
[35mFINISHED[0m: createOutputStep, step 2, time 2023-04-25 16:13:24.881683
*** Last status is finished 
Cleaning temp folder....
[32m------------------- PROTOCOL FINISHED[0m
