#################################################################
# If you used AutoSite in your work, please cite:               #
#                                                               #
# Pradeep Anand Ravindranath and Michel F. Sanner               #
#                                                               #
# AutoSite: an automated approach for pseudoligands             #
# prediction - From ligand binding sites identification to      #
# predicting key ligand atoms                                   #
#                                                               #
# Bioinformatics (2016)                                         #
#                                                               #
# DOI: 10.1093/bioinformatics/btw367                            #
#                                                               #
# Please see http://adfr.scripps.edu/AutoDockFR/autosite.html   #
# for more information                                          #
#################################################################

AutoSite v1.0.0 started on euclides a Linux-5.15.0-69-generic-x86_64-with-debian-bullseye-sid computer
Date Mon Apr 24 15:37:39 2023
computing maps ....
clustering high affinity points ... 
analysing 4 clusters ... 
saving 4 clusters and associated feature points in folder 4erf_prep

clust.| Energy| # of |Rad. of | energy |   bns    |score   |Feature Points
number|       |points|gyration|per vol.|buriedness|v*b^1.5 | D | A | Other
------+-------+------+--------+--------+----------+--------+---+---+------
    1   -99.43   252    4.92    -0.39     0.830     35.28    1   3   16
    2   -54.74   155    3.70    -0.35     0.783     25.67    3   2    9
    3   -43.39   130    3.13    -0.33     0.773     24.81    2   0    9
    4   -44.43   124    3.29    -0.36     0.785     23.23    3   1    7
AutoSite identified and characterized 4 clusters in 0.93 seconds, i.e. 0 hours 00 minutes 00.926951 seconds 
