Job launching command:
$SCHRODINGER/utilities/multisim -m /home/danieldh/ScipionUserData/projects/4erf_demo/Runs/002499_ProtSchrodingerDesmondMD/tmp/simulation_5011009.msj /home/danieldh/ScipionUserData/projects/4erf_demo/Runs/002438_ProtSchrodingerDesmondMD/complexSolute_8977344-out-MD.cms -o unmerged-simulation.cms -WAIT -JOBNAME simulation_5011009

Booting the multisim workflow engine...
           multisim version: 3.8.5.19
            mmshare version: 5.5
                    Jobname: simulation_5011009
                   Username: danieldh
            Master job host: undetected
                Subjob host: localhost
                     Job ID: euclides-0-6447e224
            multisim script: simulation_5011009.msj
       Structure input file: complexSolute_8977344-out-MD.cms
            CPUs per subjob: "1"
             Job start time: Tue Apr 25 16:22:30 2023
           Launch directory: /home/danieldh/ScipionUserData/projects/4erf_demo/Runs/002499_ProtSchrodingerDesmondMD/tmp
               $SCHRODINGER: /home/danieldh/scipion3/software/em/Schrodinger2021-3
               $OPLS_DIR: <empty>

Parsing the multisim script file...

Summary of user stages:
  stage 1 - task
  stage 2 - simulate
(2 stages in total)

Workflow is started now.

Stage 1 - task
stage[1] task: Detecting system type...
stage[1] task:   It seems a mature model system created for regular molecular dynamics simulations
stage[1] task: Recognizing traits of system...
stage[1] task:   (none)

Stage 1 completed successfully.
Stage 1 duration: 0h 0' 0"


Stage 2 - simulate

Running subjobs on hosts:
  localhost (Max: 1)
Number of jobs:       1
Max retries per job:  3
Max allowed failures: unlimited
Verbosity:            normal

Starting JobDJ...

Keep one job on driver host: False
JobDJ columns:
  C: Number of completed subjobs
  A: Number of active subjobs (e.g., submitted, running)
  W: Number of waiting/pending subjobs

C A W | Activity  JobId  JobName  JobHost
- - - | --------- -----------------------
0 1 0 | launched  euclides-0-6447e22b simulation_5011009_2 localhost [euclides]
1 0 0 | finished  euclides-0-6447e22b simulation_5011009_2 localhost [euclides]

All jobs have completed.

1 of 1 job(s) succeeded; 0 job(s) failed.


Job("euclides-0-6447e22b") was successfully finished.
  Host       : localhost
  Launch time: Tue Apr 25 16:22:35 2023
  Start time : Tue Apr 25 16:22:35 2023
  End time   : Tue Apr 25 16:35:07 2023
  Duration   : 0h 12' 32"
  CPUs       : 1
  CPU time   : 0h 12' 32"
  Exit code  : 0
  Jobname    : simulation_5011009_2
  Stage      : 2 (simulate)

Stage 2 completed successfully.
Stage 2 duration: 0h 12' 46"

Cleaning up files...

Multisim summary (Tue Apr 25 16:35:17 2023):
  Stage 1 completed.
  Stage 2 completed.
  Total duration: 0h 12' 47"
  Total GPU time: 0h 12' 32" (used by 1 subjob(s))
Multisim completed.
