[
    "ProtImportSequence",
    "ProtImportPdb",
    "FpocketFindPockets",
    "ProtDefineSeqROI",
    "ProtMapSequenceROI",
    "ProtChemImportSmallMolecules",
    "ProtChemRDKitPrepareLigands",
    "P2RankFindPockets",
    "ProtChemAutoSite",
    "ProtChemLePro",
    "ProtExtractLigands",
    "ProtocolPharmacophoreGeneration",
    "ProtocolPharmacophoreModification",
    "ProtocolPharmacophoreFiltering",
    "ProtocolConsensusStructROIs",
    "ProtChemLeDock",
    "ProtChemAutodockGPU",
    "ProtChemVinaDocking",
    "GromacsSystemPrep",
    "LegacyProtocol",
    "GromacsMDSimulation",
    "ProtocolScoreDocking",
    "ProtocolScoreDocking",
    "ProtocolScoreDocking",
    "ProtocolConsensusDocking",
    "LegacyProtocol",
    "LegacyProtocol",
    "LegacyProtocol",
    "ProtChemOBabelPrepareLigands",
    "LegacyProtocol",
    "LegacyProtocol",
    "LegacyProtocol"
]