Logging configured. STDOUT --> /home/danieldh/ScipionUserData/projects/4erf_demo/Runs/004266_GromacsSystemPrep/logs/run.stdout , STDERR --> /home/danieldh/ScipionUserData/projects/4erf_demo/Runs/004266_GromacsSystemPrep/logs/run.stderr
[32mRUNNING PROTOCOL -----------------[0m
Protocol starts
Hostname: euclides
PID: 32913
pyworkflow: 3.1.0
plugin: gromacs
plugin binary v: 2021.5
currentDir: /home/danieldh/ScipionUserData/projects/4erf_demo
workingDir: Runs/004266_GromacsSystemPrep
runMode: Restart
          MPI: 1
      threads: 1
 Starting at step: 1
 Running steps 
[35mSTARTED[0m: PDB2GMXStep, step 1, time 2023-07-18 16:19:35.433944
** Running command: **
[32m /home/danieldh/scipion3/software/em/gromacs-2021.5/bin/gmx  pdb2gmx -f /home/danieldh/ScipionUserData/projects/4erf_demo/Runs/004427_ProtImportPdb/extra/4erf_prepared.pdb -o 4erf_prepared_processed.gro -water tip3p -ff amber03 -merge all[0m
Logging configured. STDOUT --> /home/danieldh/ScipionUserData/projects/4erf_demo/Runs/004266_GromacsSystemPrep/logs/run.stdout , STDERR --> /home/danieldh/ScipionUserData/projects/4erf_demo/Runs/004266_GromacsSystemPrep/logs/run.stderr
Using the Amber03 force field in directory amber03.ff

going to rename amber03.ff/aminoacids.r2b

going to rename amber03.ff/dna.r2b

going to rename amber03.ff/rna.r2b
Reading /home/danieldh/ScipionUserData/projects/4erf_demo/Runs/004427_ProtImportPdb/extra/4erf_prepared.pdb...
Read '', 1551 atoms

Analyzing pdb file
Splitting chemical chains based on TER records or chain id changing.

There are 1 chains and 0 blocks of water and 92 residues with 1551 atoms

  chain  #res #atoms

  1 'A'    92   1551  

All occupancies are one

Reading residue database... (Amber03)

Processing chain 1 'A' (1551 atoms, 92 residues)

Identified residue ILE19 as a starting terminus.

Identified residue VAL110 as a ending terminus.
Conversion to gro failed, trying to convert it ignoring the current hydrogens
** Running command: **
[32m /home/danieldh/scipion3/software/em/gromacs-2021.5/bin/gmx  pdb2gmx -f /home/danieldh/ScipionUserData/projects/4erf_demo/Runs/004427_ProtImportPdb/extra/4erf_prepared.pdb -o 4erf_prepared_processed.gro -water tip3p -ff amber03 -merge all -ignh[0m
Using the Amber03 force field in directory amber03.ff

going to rename amber03.ff/aminoacids.r2b

going to rename amber03.ff/dna.r2b

going to rename amber03.ff/rna.r2b
Reading /home/danieldh/ScipionUserData/projects/4erf_demo/Runs/004427_ProtImportPdb/extra/4erf_prepared.pdb...
Read '', 757 atoms

Analyzing pdb file
Splitting chemical chains based on TER records or chain id changing.

There are 1 chains and 0 blocks of water and 92 residues with 757 atoms

  chain  #res #atoms

  1 'A'    92    757  

All occupancies are one

Reading residue database... (Amber03)

Processing chain 1 'A' (757 atoms, 92 residues)

Identified residue ILE19 as a starting terminus.

Identified residue VAL110 as a ending terminus.

Checking for duplicate atoms....

Generating any missing hydrogen atoms and/or adding termini.

Now there are 92 residues with 1551 atoms

Making bonds...

Number of bonds was 1567, now 1566

Generating angles, dihedrals and pairs...

Making cmap torsions...

There are 4170 dihedrals,  290 impropers, 2849 angles
          4110 pairs,     1566 bonds and     0 virtual sites

Total mass 10758.772 a.m.u.

Total charge 4.000 e

Writing topology

Writing coordinate file...

		--------- PLEASE NOTE ------------

You have successfully generated a topology from: /home/danieldh/ScipionUserData/projects/4erf_demo/Runs/004427_ProtImportPdb/extra/4erf_prepared.pdb.

The Amber03 force field and the tip3p water model are used.

		--------- ETON ESAELP ------------
[35mFINISHED[0m: PDB2GMXStep, step 1, time 2023-07-18 16:19:36.000476
[35mSTARTED[0m: solvateStep, step 2, time 2023-07-18 16:19:36.010630
** Running command: **
[32m /home/danieldh/scipion3/software/em/gromacs-2021.5/bin/gmx  editconf -f 4erf_prepared_processed.gro -o 4erf_prepared_newbox.gro -c -bt triclinic -d 1.0[0m
Note that major changes are planned in future for editconf, to improve usability and utility.
Read 1551 atoms
Volume: 46.5447 nm^3, corresponds to roughly 20900 electrons
No velocities found
    system size :  3.679  3.835  3.299 (nm)
    center      : -1.275  0.815 -2.017 (nm)
    box vectors :  3.679  3.835  3.299 (nm)
    box angles  :  90.00  90.00  90.00 (degrees)
    box volume  :  46.54               (nm^3)
    shift       :  4.115  2.102  4.666 (nm)
new center      :  2.840  2.917  2.649 (nm)
new box vectors :  5.679  5.835  5.299 (nm)
new box angles  :  90.00  90.00  90.00 (degrees)
new box volume  : 175.59               (nm^3)
** Running command: **
[32m /home/danieldh/scipion3/software/em/gromacs-2021.5/bin/gmx  solvate -cp 4erf_prepared_newbox.gro -cs spc216.gro -o 4erf_prepared_solv.gro -p topol.top[0m

WARNING: Masses and atomic (Van der Waals) radii will be guessed
         based on residue and atom names, since they could not be
         definitively assigned from the information in your input
         files. These guessed numbers might deviate from the mass
         and radius of the atom type. Please check the output
         files if necessary.

NOTE: From version 5.0 gmx solvate uses the Van der Waals radii
from the source below. This means the results may be different
compared to previous GROMACS versions.

++++ PLEASE READ AND CITE THE FOLLOWING REFERENCE ++++
A. Bondi
van der Waals Volumes and Radii
J. Phys. Chem. 68 (1964) pp. 441-451
-------- -------- --- Thank You --- -------- --------

Adding line for 5207 solvent molecules with resname (SOL) to topology file (topol.top)
Running:  printf "SOL
" | /home/danieldh/scipion3/software/em/gromacs-2021.5/bin/gmx  grompp -f /home/danieldh/ScipionUserData/projects/4erf_demo/Runs/004266_GromacsSystemPrep/ions.mdp -c 4erf_prepared_solv.gro -p topol.top -o ions.tpr
Running:  printf "SOL
" | /home/danieldh/scipion3/software/em/gromacs-2021.5/bin/gmx  genion -s ions.tpr -o 4erf_prepared_solv_ions.gro -p topol.top -pname NA -nname CL -neutral 
[35mFINISHED[0m: solvateStep, step 2, time 2023-07-18 16:19:36.390679
[35mSTARTED[0m: createOutputStep, step 3, time 2023-07-18 16:19:36.408512
[32mRUNNING PROTOCOL -----------------[0m
Protocol starts
Hostname: euclides
PID: 33011
pyworkflow: 3.1.0
plugin: gromacs
plugin binary v: 2021.5
currentDir: /home/danieldh/ScipionUserData/projects/4erf_demo
workingDir: Runs/004266_GromacsSystemPrep
runMode: Continue
          MPI: 1
      threads: 1
 Starting at step: 3
 Running steps 
[35mFINISHED[0m: createOutputStep, step 3, time 2023-07-18 16:19:36.430125
*** Last status is finished 
Cleaning temp folder....
Nothing to clean up
[32m------------------- PROTOCOL FINISHED[0m
[35mSTARTED[0m: createOutputStep, step 3, time 2023-07-18 16:19:36.506879
[35mFINISHED[0m: createOutputStep, step 3, time 2023-07-18 16:19:36.543894
*** Last status is finished 
Cleaning temp folder....
Nothing to clean up
[32m------------------- PROTOCOL FINISHED[0m
