Logging configured. STDOUT --> /home/danieldh/ScipionUserData/projects/modellerIssue/Runs/000305_ProtImportSequence/logs/run.stdout , STDERR --> /home/danieldh/ScipionUserData/projects/modellerIssue/Runs/000305_ProtImportSequence/logs/run.stderr
[32mRUNNING PROTOCOL -----------------[0m
Protocol starts
Hostname: euclides
PID: 75479
pyworkflow: 3.1.0
plugin: pwem
plugin v: 3.0.27 (devel)
plugin binary v: 
currentDir: /home/danieldh/ScipionUserData/projects/modellerIssue
workingDir: Runs/000305_ProtImportSequence
runMode: Restart
          MPI: 1
      threads: 1
 Starting at step: 1
 Running steps 
[35mSTARTED[0m: getSequenceOfChainStep, step 1, time 2023-04-20 15:36:38.423190
Your sequence is an aminoacid sequence
Selected chain: A from model: 0 from structure: 4erf
[35mFINISHED[0m: getSequenceOfChainStep, step 1, time 2023-04-20 15:36:38.838607
[35mSTARTED[0m: createOutputStep, step 2, time 2023-04-20 15:36:38.875025
[35mFINISHED[0m: createOutputStep, step 2, time 2023-04-20 15:36:38.880517
*** Last status is finished 
Cleaning temp folder....
[32m------------------- PROTOCOL FINISHED[0m
