--------------------------------------------------------------------------------
JobId          : euclides-0-6447e0bc
Name           : ZINC00001453-1_1_tmp
Program        : LigPrep
Version        : 2021-3 build 123
Host           : euclides
Dir            : /home/danieldh/ScipionUserData/projects/4erf_demo/Runs/002374_ProtSchrodingerDesmondSysPrep/extra
HostEntry      : localhost
JobHost        : euclides
JobDir         : /tmp/danieldh/ZINC00001453-1_1_tmp
JobSchrodinger : /home/danieldh/scipion3/software/em/Schrodinger2021-3
Commandline    : /home/danieldh/scipion3/software/em/Schrodinger2021-3/ligprep -R h -a -isd /home/danieldh/ScipionUserData/projects/4erf_demo/Runs/002374_ProtSchrodingerDesmondSysPrep/tmp/ZINC00001453-1_1.sdf -omae /home/danieldh/ScipionUserData/projects/4erf_demo/Runs/002374_ProtSchrodingerDesmondSysPrep/extra/ZINC00001453-1_1_tmp.maegz
StartTime      : 2023-04-25-16:16:28
--------------------------------------------------------------------------------
LigPrep (version 59123). Copyright Schrodinger, LLC. All rights reserved.

LigPrep command:
$SCHRODINGER/ligprep -R h -a -isd /home/danieldh/ScipionUserData/projects/4erf_demo/Runs/002374_ProtSchrodingerDesmondSysPrep/tmp/ZINC00001453-1_1.sdf -omae ZINC00001453-1_1_tmp.maegz

Processing steps:
$DO.sdconvert_in -bad -orig_file_index 0 -orig_file /home/danieldh/ScipionUserData/projects/4erf_demo/Runs/002374_ProtSchrodingerDesmondSysPrep/tmp/ZINC00001453-1_1.sdf /home/danieldh/ScipionUserData/projects/4erf_demo/Runs/002374_ProtSchrodingerDesmondSysPrep/tmp/ZINC00001453-1_1.sdf
$DO.sdstereoexpander -add_hydrogens -max_output 32 -max_generated 1024 <infile.mae> <outfile.mae>
$DO.htreat -t All-None -a all -s -l 200 <infile.mae> <outfile.mae>

DO=$SCHRODINGER/run python3 -m schrodinger.application.macromodel.packages.ligprep3

# counts of output and dropped structures after processing steps
# index  sdstex  htreat  title
       1   1/0     1/0   '/home/danieldh/ScipionUserData/projects/4erf_demo/Runs/001745_ProtChemVinaDocking/extra/pocket_2/ZINC00001453-1_1.pdbqt'

# of processed structures in "ZINC00001453-1_1_tmp.maegz" : 1
# of dropped structures in "ZINC00001453-1_1_tmp-dropped.sdf" : 0

backend run time: 0 hours 0 minutes 0.010 seconds
