Logging configured. STDOUT --> /home/danieldh/ScipionUserData/projects/4erf_demo/Runs/002438_ProtSchrodingerDesmondMD/logs/run.stdout , STDERR --> /home/danieldh/ScipionUserData/projects/4erf_demo/Runs/002438_ProtSchrodingerDesmondMD/logs/run.stderr
[32mRUNNING PROTOCOL -----------------[0m
Protocol starts
Hostname: euclides
PID: 75162
pyworkflow: 3.1.0
plugin: schrodingerScipion
plugin binary v: 
currentDir: /home/danieldh/ScipionUserData/projects/4erf_demo
workingDir: Runs/002438_ProtSchrodingerDesmondMD
runMode: Restart
          MPI: 1
      threads: 1
 Starting at step: 1
 Running steps 
[35mSTARTED[0m: simulationStep, step 1, time 2023-04-25 16:18:44.947590
** Running command: **
[32m /home/danieldh/scipion3/software/em/Schrodinger2021-3/utilities/multisim  -m /home/danieldh/ScipionUserData/projects/4erf_demo/Runs/002438_ProtSchrodingerDesmondMD/tmp/simulation_3407809.msj /home/danieldh/ScipionUserData/projects/4erf_demo/Runs/002374_ProtSchrodingerDesmondSysPrep/complexSolute_8977344-out.cms -o unmerged-simulation.cms -WAIT -JOBNAME simulation_3407809[0m
WARNING: You did not specify for '-maxjob'. Remember its default value is 1.
JobId: euclides-0-6447e147
[35mFINISHED[0m: simulationStep, step 1, time 2023-04-25 16:21:50.082591
[35mSTARTED[0m: createOutputStep, step 2, time 2023-04-25 16:21:50.102796
** Running command: **
[32m /home/danieldh/scipion3/software/em/Schrodinger2021-3/run /home/danieldh/scipion3/software/em/Schrodinger2021-3/internal/bin/trj_merge.py  unmerged-simulation.cms simulation_3407809_2_trj simulation_3407809_3_trj simulation_3407809_4_trj simulation_3407809_5_trj simulation_3407809_6_trj -o /home/danieldh/ScipionUserData/projects/4erf_demo/Runs/002438_ProtSchrodingerDesmondMD/complexSolute_8977344-out -concat 0 5.0[0m
21 frames from trajectory: simulation_3407809_2_trj
4 frames from trajectory: simulation_3407809_3_trj
4 frames from trajectory: simulation_3407809_4_trj
4 frames from trajectory: simulation_3407809_5_trj
6 frames from trajectory: simulation_3407809_6_trj
The resultant trajectory has 39 frames.
[35mFINISHED[0m: createOutputStep, step 2, time 2023-04-25 16:21:51.902032
*** Last status is finished 
Cleaning temp folder....
[32m------------------- PROTOCOL FINISHED[0m
