Logging configured. STDOUT --> /home/danieldh/ScipionUserData/projects/4erf_demo/Runs/001506_ProtocolPharmacophoreFiltering/logs/run.stdout , STDERR --> /home/danieldh/ScipionUserData/projects/4erf_demo/Runs/001506_ProtocolPharmacophoreFiltering/logs/run.stderr
[32mRUNNING PROTOCOL -----------------[0m
Protocol starts
Hostname: euclides
PID: 21083
pyworkflow: 3.1.0
plugin: pwchem
plugin binary v: 
currentDir: /home/danieldh/ScipionUserData/projects/4erf_demo
workingDir: Runs/001506_ProtocolPharmacophoreFiltering
runMode: Restart
          MPI: 1
      threads: 1
 Starting at step: 1
 Running steps 
[35mSTARTED[0m: convertStep, step 1, time 2023-04-24 15:41:54.365503
[35mFINISHED[0m: convertStep, step 1, time 2023-04-24 15:41:54.371219
[35mSTARTED[0m: filterStep, step 2, time 2023-04-24 15:41:54.381267
** Running command: **
[32m eval "$(/home/danieldh/anaconda3/bin/conda shell.bash hook)"&& conda activate rdkit-env && python /home/danieldh/scipion3/scipion-chem/pwchem/scripts/pharmacophore_filtering.py  /home/danieldh/ScipionUserData/projects/4erf_demo/Runs/001506_ProtocolPharmacophoreFiltering/extra/inputParams.txt /home/danieldh/ScipionUserData/projects/4erf_demo/Runs/001506_ProtocolPharmacophoreFiltering[0m
Couldn't match molecule /home/danieldh/ScipionUserData/projects/4erf_demo/Runs/001506_ProtocolPharmacophoreFiltering/extra/inputSmallMolecules/ZINC00000480.sdf
Couldn't match molecule /home/danieldh/ScipionUserData/projects/4erf_demo/Runs/001506_ProtocolPharmacophoreFiltering/extra/inputSmallMolecules/ZINC00001453.sdf
[35mFINISHED[0m: filterStep, step 2, time 2023-04-24 15:41:55.300855
[35mSTARTED[0m: createOutputStep, step 3, time 2023-04-24 15:41:55.318347
[35mFINISHED[0m: createOutputStep, step 3, time 2023-04-24 15:41:55.355892
*** Last status is finished 
Cleaning temp folder....
[32m------------------- PROTOCOL FINISHED[0m
