Logging configured. STDOUT --> /home/danieldh/ScipionUserData/projects/4erf_demo/Runs/002027_ProtocolScoreDocking/logs/run.stdout , STDERR --> /home/danieldh/ScipionUserData/projects/4erf_demo/Runs/002027_ProtocolScoreDocking/logs/run.stderr
[32mRUNNING PROTOCOL -----------------[0m
Protocol starts
Hostname: euclides
PID: 72836
pyworkflow: 3.1.0
plugin: pwchem
plugin binary v: 
currentDir: /home/danieldh/ScipionUserData/projects/4erf_demo
workingDir: Runs/002027_ProtocolScoreDocking
runMode: Restart
          MPI: 1
      threads: 4
 Starting at step: 1
 Running steps 
[35mSTARTED[0m: scoringStep, step 1, time 2023-04-25 16:11:23.576559
[35mSTARTED[0m: scoringStep, step 2, time 2023-04-25 16:11:23.582537
** Running command: **
[32m eval "$(/home/danieldh/anaconda3/bin/conda shell.bash hook)"&& conda activate rdkit-env && python /home/danieldh/scipion3/scipion-chem/pwchem/scripts/scores_docking_oddt.py /home/danieldh/ScipionUserData/projects/4erf_demo/Runs/002027_ProtocolScoreDocking/extra/inputParams_1.txt[0m
** Running command: **
[32m eval "$(/home/danieldh/anaconda3/bin/conda shell.bash hook)"&& conda activate rdkit-env && python /home/danieldh/scipion3/scipion-chem/pwchem/scripts/scores_docking_oddt.py /home/danieldh/ScipionUserData/projects/4erf_demo/Runs/002027_ProtocolScoreDocking/extra/inputParams_2.txt[0m
Running ODDT Vina scoring
[35mFINISHED[0m: scoringStep, step 1, time 2023-04-25 16:11:25.572596
Loading RFScore model:  /home/danieldh/scipion3/software/em/rdkit/oddtModels/RFScore_v3_pdbbind2016.pickle
[35mFINISHED[0m: scoringStep, step 2, time 2023-04-25 16:11:26.117495
[35mSTARTED[0m: createOutputStep, step 3, time 2023-04-25 16:11:26.633972
[35mFINISHED[0m: createOutputStep, step 3, time 2023-04-25 16:11:26.817181
*** Last status is finished 
Cleaning temp folder....
[32m------------------- PROTOCOL FINISHED[0m
