Logging configured. STDOUT --> /home/danieldh/ScipionUserData/projects/dcoid_1a28/Runs/001595_ProtocolScoreDocking/logs/run.stdout , STDERR --> /home/danieldh/ScipionUserData/projects/dcoid_1a28/Runs/001595_ProtocolScoreDocking/logs/run.stderr
[32mRUNNING PROTOCOL -----------------[0m
Protocol starts
Hostname: euclides
PID: 27230
pyworkflow: 3.1.0
plugin: pwchem
plugin binary v: 
currentDir: /home/danieldh/ScipionUserData/projects/dcoid_1a28
workingDir: Runs/001595_ProtocolScoreDocking
runMode: Restart
          MPI: 1
      threads: 1
 Starting at step: 1
 Running steps 
[35mSTARTED[0m: scoringStep, step 1, time 2023-05-03 12:51:06.124708
** Running command: **
[32m eval "$(/home/danieldh/anaconda3/bin/conda shell.bash hook)"&& conda activate rdkit-env && python /home/danieldh/scipion3/scipion-chem/pwchem/scripts/scores_docking_oddt.py /home/danieldh/ScipionUserData/projects/dcoid_1a28/Runs/001595_ProtocolScoreDocking/extra/inputParams_1.txt[0m
Running ODDT Vina scoring
[35mFINISHED[0m: scoringStep, step 1, time 2023-05-03 12:51:11.616367
[35mSTARTED[0m: scoringStep, step 2, time 2023-05-03 12:51:11.636780
** Running command: **
[32m eval "$(/home/danieldh/anaconda3/bin/conda shell.bash hook)"&& conda activate rdkit-env && python /home/danieldh/scipion3/scipion-chem/pwchem/scripts/scores_docking_oddt.py /home/danieldh/ScipionUserData/projects/dcoid_1a28/Runs/001595_ProtocolScoreDocking/extra/inputParams_2.txt[0m
Loading RFScore model:  /home/danieldh/scipion3/software/em/rdkit/oddtModels/RFScore_v3_pdbbind2016.pickle
[35mFINISHED[0m: scoringStep, step 2, time 2023-05-03 12:51:18.287112
[35mSTARTED[0m: scoringStep, step 3, time 2023-05-03 12:51:18.307813
** Running command: **
[32m eval "$(/home/danieldh/anaconda3/bin/conda shell.bash hook)"&& conda activate rdkit-env && python /home/danieldh/scipion3/scipion-chem/pwchem/scripts/scores_docking_oddt.py /home/danieldh/ScipionUserData/projects/dcoid_1a28/Runs/001595_ProtocolScoreDocking/extra/inputParams_3.txt[0m
Loading NNScore model:  /home/danieldh/scipion3/software/em/rdkit/oddtModels/NNScore_pdbbind2016.pickle
[35mFINISHED[0m: scoringStep, step 3, time 2023-05-03 12:51:27.477942
[35mSTARTED[0m: createOutputStep, step 4, time 2023-05-03 12:51:27.497984
[35mFINISHED[0m: createOutputStep, step 4, time 2023-05-03 12:51:29.207156
*** Last status is finished 
Cleaning temp folder....
[32m------------------- PROTOCOL FINISHED[0m
