Logging configured. STDOUT --> /home/danieldh/ScipionUserData/projects/dcoid_1a28/Runs/005260_ProtocolConsensusDocking/logs/run.stdout , STDERR --> /home/danieldh/ScipionUserData/projects/dcoid_1a28/Runs/005260_ProtocolConsensusDocking/logs/run.stderr
[32mRUNNING PROTOCOL -----------------[0m
Protocol starts
Hostname: euclides
PID: 42850
pyworkflow: 3.1.0
plugin: pwchem
plugin binary v: 
currentDir: /home/danieldh/ScipionUserData/projects/dcoid_1a28
workingDir: Runs/005260_ProtocolConsensusDocking
runMode: Restart
          MPI: 1
      threads: 4
 Starting at step: 1
 Running steps 
[35mSTARTED[0m: consensusStep, step 1, time 2023-05-03 16:02:22.082103
[35mFINISHED[0m: consensusStep, step 1, time 2023-05-03 16:02:31.773598
[35mSTARTED[0m: createOutputStep, step 2, time 2023-05-03 16:02:32.206293
[35mFINISHED[0m: createOutputStep, step 2, time 2023-05-03 16:02:32.256656
*** Last status is finished 
Cleaning temp folder....
[32m------------------- PROTOCOL FINISHED[0m
