Logging configured. STDOUT --> /home/danieldh/ScipionUserData/projects/dcoid_1a28/Runs/000360_ProtocolConsensusStructROIs/logs/run.stdout , STDERR --> /home/danieldh/ScipionUserData/projects/dcoid_1a28/Runs/000360_ProtocolConsensusStructROIs/logs/run.stderr
[32mRUNNING PROTOCOL -----------------[0m
Protocol starts
Hostname: euclides
PID: 22191
pyworkflow: 3.1.0
plugin: pwchem
plugin binary v: 
currentDir: /home/danieldh/ScipionUserData/projects/dcoid_1a28
workingDir: Runs/000360_ProtocolConsensusStructROIs
runMode: Restart
          MPI: 1
      threads: 1
 Starting at step: 1
 Running steps 
[35mSTARTED[0m: consensusStep, step 1, time 2023-05-03 12:44:51.224106
[35mFINISHED[0m: consensusStep, step 1, time 2023-05-03 12:44:52.199774
[35mSTARTED[0m: createOutputStep, step 2, time 2023-05-03 12:44:52.219675
[35mFINISHED[0m: createOutputStep, step 2, time 2023-05-03 12:44:52.316775
*** Last status is finished 
Cleaning temp folder....
[32m------------------- PROTOCOL FINISHED[0m
