[
    "ProtImportPdb",
    "ProtChemImportSmallMolecules",
    "ProtChemPrepareReceptor",
    "FpocketFindPockets",
    "P2RankFindPockets",
    "ProtChemAutoSite",
    "ProtocolConsensusStructROIs",
    "ProtChemAutodockGPU",
    "ProtChemVinaDocking",
    "ProtChemLeDock",
    "ProtocolScoreDocking",
    "ProtocolScoreDocking",
    "ProtocolScoreDocking",
    "ProtImportPdb",
    "ProtChemOBabelPrepareLigands",
    "ProtChemRDKitPrepareLigands",
    "ProtocolADMEFiltering",
    "ProtocolPainsRdkitFiltering",
    "ProtChemImportVariants",
    "ProtDefineSeqROI",
    "ProtMapSequenceROI",
    "ProtExtractLigands",
    "ProtocolPharmacophoreGeneration",
    "ProtocolPharmacophoreModification",
    "ProtocolPharmacophoreFiltering",
    "ProtocolConsensusDocking",
    "ProtocolConsensusDocking",
    "ProtocolConsensusDocking",
    "ProtocolConsensusDocking",
    "ProtocolRMSDDocking",
    "ProtocolRMSDDocking",
    "ProtocolRMSDDocking",
    "ProtocolRMSDDocking",
    "ProtSchrodingerDesmondSysPrep",
    "ProtSchrodingerDesmondSysPrep",
    "ProtSchrodingerDesmondMD",
    "ProtSchrodingerDesmondMD",
    "ProtImportPdb",
    "GromacsSystemPrep",
    "GromacsMDSimulation"
]