--------------------------------------------------------------------------------
JobId          : euclides-0-64526e00
Name           : g1_active_1a28-3_4_tmp
Program        : LigPrep
Version        : 2021-3 build 123
Host           : euclides
Dir            : /home/danieldh/ScipionUserData/projects/dcoid_1a28/Runs/005617_ProtSchrodingerDesmondSysPrep/extra
HostEntry      : localhost
JobHost        : euclides
JobDir         : /tmp/danieldh/g1_active_1a28-3_4_tmp
JobSchrodinger : /home/danieldh/scipion3/software/em/Schrodinger2021-3
Commandline    : /home/danieldh/scipion3/software/em/Schrodinger2021-3/ligprep -R h -a -isd /home/danieldh/ScipionUserData/projects/dcoid_1a28/Runs/005617_ProtSchrodingerDesmondSysPrep/tmp/g1_active_1a28-3_4.sdf -omae /home/danieldh/ScipionUserData/projects/dcoid_1a28/Runs/005617_ProtSchrodingerDesmondSysPrep/extra/g1_active_1a28-3_4_tmp.maegz
StartTime      : 2023-05-03-16:21:52
--------------------------------------------------------------------------------
LigPrep (version 59123). Copyright Schrodinger, LLC. All rights reserved.

LigPrep command:
$SCHRODINGER/ligprep -R h -a -isd /home/danieldh/ScipionUserData/projects/dcoid_1a28/Runs/005617_ProtSchrodingerDesmondSysPrep/tmp/g1_active_1a28-3_4.sdf -omae g1_active_1a28-3_4_tmp.maegz

Processing steps:
$DO.sdconvert_in -bad -orig_file_index 0 -orig_file /home/danieldh/ScipionUserData/projects/dcoid_1a28/Runs/005617_ProtSchrodingerDesmondSysPrep/tmp/g1_active_1a28-3_4.sdf /home/danieldh/ScipionUserData/projects/dcoid_1a28/Runs/005617_ProtSchrodingerDesmondSysPrep/tmp/g1_active_1a28-3_4.sdf
$DO.sdstereoexpander -add_hydrogens -max_output 32 -max_generated 1024 <infile.mae> <outfile.mae>
$DO.htreat -t All-None -a all -s -l 200 <infile.mae> <outfile.mae>

DO=$SCHRODINGER/run python3 -m schrodinger.application.macromodel.packages.ligprep3

# counts of output and dropped structures after processing steps
# index  sdstex  htreat  title
       1   1/0     1/0   '/home/danieldh/ScipionUserData/projects/dcoid_1a28/Runs/000463_ProtChemAutodockGPU/g1_active_1a28-3_4.pdbqt'

# of processed structures in "g1_active_1a28-3_4_tmp.maegz" : 1
# of dropped structures in "g1_active_1a28-3_4_tmp-dropped.sdf" : 0

backend run time: 0 hours 0 minutes 0.025 seconds
