
Working on structure 1
Finding het groups...
Coloring atoms by element (green carbons in hets)...
Fixing common structure mistakes...
  No mistakes were found
Pre-treating metals...
Done treating metals
Assigning bond orders...
  Using CCD: True
  No bond orders were changed
Adding hydrogens...
Treating metals...
Idealizing hydrogen temperature factors...
Pre-processing has completed
Deleting waters...
Deleting far waters...
done deleting waters
  Number of states generated: 1
done with preparation
Writing to file...
DONE. Output file: /home/danieldh/ScipionUserData/projects/4erf_demo/Runs/003772_ProtSchrodingerDesmondSysPrep/extra/4erf.mae
